<?xml version="1.0" encoding="UTF-8"?>
<!-- Generated by org.testng.reporters.JUnitReportReporter -->
<testsuite hostname="JaganMohan" failures="0" tests="3" name="Day43.CombinedAnnotations" time="0.008" errors="0" timestamp="2024-07-20T16:01:38 IST" skipped="0">
  <testcase classname="Day43.CombinedAnnotations" name="Testlogin" time="0.007"/>
  <system-out/>
  <testcase classname="Day43.CombinedAnnotations" name="Testlogout" time="0.001"/>
  <system-out/>
  <testcase classname="Day43.CombinedAnnotations" name="TestSearch" time="0.000"/>
  <system-out/>
</testsuite> <!-- Day43.CombinedAnnotations -->
