<?xml version="1.0" encoding="UTF-8"?>
<!-- Generated by org.testng.reporters.JUnitReportReporter -->
<testsuite hostname="JaganMohan" failures="0" tests="3" name="Day42.TestCase1" time="0.012" errors="0" timestamp="2024-07-19T16:40:25 IST" skipped="0">
  <testcase classname="Day42.TestCase1" name="OpenApplication" time="0.010"/>
  <system-out/>
  <testcase classname="Day42.TestCase1" name="Login" time="0.001"/>
  <system-out/>
  <testcase classname="Day42.TestCase1" name="Logout" time="0.001"/>
  <system-out/>
</testsuite> <!-- Day42.TestCase1 -->
