<?xml version="1.0" encoding="UTF-8"?>
<!-- Generated by org.testng.reporters.JUnitReportReporter -->
<testsuite hostname="JaganMohan" failures="0" tests="5" name="Day42.TestCase2" time="15.400" errors="0" timestamp="2024-07-19T16:42:14 IST" skipped="0">
  <testcase classname="Day42.TestCase2" name="OpenApp" time="11.539"/>
  <system-out/>
  <testcase classname="Day42.TestCase2" name="Login" time="2.308"/>
  <system-out/>
  <testcase classname="Day42.TestCase2" name="Logo" time="1.330"/>
  <system-out/>
  <testcase classname="Day42.TestCase2" name="Click" time="0.002"/>
  <system-out/>
  <testcase classname="Day42.TestCase2" name="Close" time="0.221"/>
  <system-out/>
</testsuite> <!-- Day42.TestCase2 -->
