<?xml version="1.0" encoding="UTF-8"?>
<!-- Generated by org.testng.reporters.JUnitReportReporter -->
<testsuite hostname="JaganMohan" failures="0" tests="3" name="Day44.GroupingDemo" time="0.012" errors="0" timestamp="2024-07-21T17:09:46 IST" skipped="0">
  <testcase classname="Day44.GroupingDemo" name="TestLogin" time="0.010"/>
  <system-out/>
  <testcase classname="Day44.GroupingDemo" name="TestSearch" time="0.001"/>
  <system-out/>
  <testcase classname="Day44.GroupingDemo" name="TestLogout" time="0.001"/>
  <system-out/>
</testsuite> <!-- Day44.GroupingDemo -->
