<?xml version="1.0" encoding="UTF-8"?>
<!-- Generated by org.testng.reporters.JUnitReportReporter -->
<testsuite hostname="JaganMohan" failures="0" tests="1" name="Day47.TestDemo" time="2.623" errors="0" timestamp="2024-07-24T17:34:23 IST" skipped="0">
  <testcase classname="Day47.TestDemo" name="testLogin" time="2.623"/>
  <system-out/>
</testsuite> <!-- Day47.TestDemo -->
