<?xml version="1.0" encoding="UTF-8"?>
<!-- Generated by org.testng.reporters.JUnitReportReporter -->
<testsuite hostname="JaganMohan" failures="0" tests="3" name="Day43.CombinedAnnot2" time="0.010" errors="0" timestamp="2024-07-20T16:03:23 IST" skipped="0">
  <testcase classname="Day43.CombinedAnnot2" name="Testlogin" time="0.007"/>
  <system-out/>
  <testcase classname="Day43.CombinedAnnot2" name="Testlogout" time="0.001"/>
  <system-out/>
  <testcase classname="Day43.CombinedAnnot2" name="TestSearch" time="0.002"/>
  <system-out/>
</testsuite> <!-- Day43.CombinedAnnot2 -->
