<?xml version="1.0" encoding="UTF-8"?>
<!-- Generated by org.testng.reporters.JUnitReportReporter -->
<testsuite hostname="JaganMohan" failures="0" tests="3" name="Day44.GroupingDemo3" time="0.011" errors="0" timestamp="2024-07-21T17:11:19 IST" skipped="0">
  <testcase classname="Day44.GroupingDemo3" name="TestLogin" time="0.008"/>
  <system-out/>
  <testcase classname="Day44.GroupingDemo3" name="TestSearch" time="0.002"/>
  <system-out/>
  <testcase classname="Day44.GroupingDemo3" name="TestLogout" time="0.001"/>
  <system-out/>
</testsuite> <!-- Day44.GroupingDemo3 -->
