<?xml version="1.0" encoding="UTF-8"?>
<!-- Generated by org.testng.reporters.JUnitReportReporter -->
<testsuite hostname="JaganMohan" failures="0" tests="3" name="Day44.GroupingDemo2" time="0.011" errors="0" timestamp="2024-07-21T17:10:02 IST" skipped="0">
  <testcase classname="Day44.GroupingDemo2" name="TestLogin" time="0.009"/>
  <system-out/>
  <testcase classname="Day44.GroupingDemo2" name="TestSearch" time="0.001"/>
  <system-out/>
  <testcase classname="Day44.GroupingDemo2" name="TestLogout" time="0.001"/>
  <system-out/>
</testsuite> <!-- Day44.GroupingDemo2 -->
