<?xml version="1.0" encoding="UTF-8"?>
<!-- Generated by org.testng.reporters.JUnitReportReporter -->
<testsuite hostname="JaganMohan" failures="0" tests="6" name="Day45.ParaMetersDemo" time="6.889" errors="0" timestamp="2024-07-22T18:00:28 IST" skipped="0">
  <testcase classname="Day45.ParaMetersDemo" name="TestSetup" time="0.077"/>
  <system-out/>
  <testcase classname="Day45.ParaMetersDemo" name="TestSetup" time="0.049"/>
  <system-out/>
  <testcase classname="Day45.ParaMetersDemo" name="TestLogin" time="3.368"/>
  <system-out/>
  <testcase classname="Day45.ParaMetersDemo" name="TestLogin" time="3.349"/>
  <system-out/>
  <testcase classname="Day45.ParaMetersDemo" name="TestLogoff" time="0.014"/>
  <system-out/>
  <testcase classname="Day45.ParaMetersDemo" name="TestLogoff" time="0.032"/>
  <system-out/>
</testsuite> <!-- Day45.ParaMetersDemo -->
